14354
1663
1512
1382
1451
1467
1452
1378
1426
1675
1425
1427
1487
1584
1455
1392
1417
1471
1352
1364
1347
1510
1442
1478
1336
1526
1949
1501
1429
1465
1424
1387
1405
1331
1403
1414
1389
1375
1431
1455
1576
1538
1691
1408
1416
1442
1411
1483
1299
1327
1366
1500
1474
1500
1542
1888
1383
1393
1402
1646
1341
1376
1377
1796
1523
1426
1436
1435
1503
1319
1396
1490
1467
1420
1326
1335
1584
1381
1354
1332
1683
1438
1397
1298
1475
1685
1357
1343
1318
1599
1471
1383
1336
1394
1322
1330
1410
1443
1475
1440
3613
1493
1392
1355
1335
1355
1315
1291
1278
1611
1276
1312
1320
1302
1359
1334
1296
1282
1397
1313
1318
1288
1404
1339
1310
1333
1366
2397
1512
1305
1475
1310
1445
1279
1272
1391
1332
1340
1298
1457
1360
1411
1369
1389
1400
1269
1256
1416
1474
1320
1348
1359
1320
1323
1380
1541
1307
1408
4064
1297
1347
1267
1269
1316
1383
1463
1356
1295
1256
1397
1277
1297
1416
1294
1360
1308
1241
1271
1378
1313
1326
1298
1305
1370
1252
1284
1296
1329
1278
1270
1260
1327
1349
1303
1282
1296
1306
1314
1295
1307
2713
1342
1343
1466
1348
1486
1428
1487
1349
1271
1431
1451
1494
1503
1588
1321
1423
1291
1353
1267
1338
1305
1305
1358
1387
1290
1312
1360
1393
1273
1311
1306
1341
1327
1297
1444
1456
1603
1370
1257
1335
1423
1339
1344
1360
1507
1335
1281
1277
1271
1420
1275
1252
1403
1286
1538
1540
1570
1457
1258
1263
1271
1260
1277
1315
1267
1246
1320
1499
1431
1287
1340
1531
1205
1293
1256
1584
1309
1296
1214
1188
1510
1553
1403
1502
1427
1452
1247
1269
1189
1331
1363
1222
1360
1217
1211
1300
1201
1197
1221
