102573
4446
3248
2704
2932
2727
2798
3043
2735
2728
2628
2580
2536
2639
2740
2799
2552
2388
2505
2510
2412
2502
2437
2484
2481
2550
2500
2388
2565
2519
3400
2590
2631
2501
2552
2467
2540
2572
2582
2414
2343
2352
2674
2669
2462
2448
2343
2342
2541
2587
2507
2410
2471
2509
2688
2493
2363
2551
2661
2548
2435
2400
2654
3164
2546
2417
2313
2754
2322
2286
2312
2479
2420
2276
2265
2319
2324
2323
2313
2275
2350
2304
2334
2242
2237
2788
2286
2456
2633
2314
2315
2334
2533
2473
2490
2295
2206
2374
2352
2729
2919
