39985
4787
3178
2387
2611
2155
2342
2240
2322
2684
2643
2312
2286
2596
2259
2256
2446
2574
2544
2557
2614
2355
2170
2731
2273
2488
2399
3391
2427
2161
2238
2394
2180
2357
2118
3042
2269
2086
2337
2293
2198
2350
2160
2046
2135
2067
2067
2595
2259
2040
2190
2529
2202
2107
2093
2672
2126
2390
2301
2449
2189
2483
2396
3611
2774
2294
2204
2451
2088
2300
2213
2666
2325
2277
2400
2032
2335
2312
2360
2102
2018
2330
2784
2149
2175
2159
2652
2268
2588
2326
2220
2967
2564
2350
2315
2301
2246
2217
2426
2201
