9789
2355
2059
2035
2075
2060
1894
1939
1915
2041
2058
1932
1942
2251
1966
1968
2229
2050
2039
1919
1962
1980
2613
2149
1913
1950
2077
2279
1990
2004
1942
2251
1979
2102
2131
2144
1933
1988
1916
2082
2031
2266
1943
2200
1997
2196
2431
2192
2068
2360
2189
2760
2171
2196
2219
2288
1952
2026
1966
1975
2085
2146
1925
2166
2018
2085
2272
2119
2029
2222
2149
2207
2503
2053
2489
2061
2301
2083
2311
1955
1920
2256
2077
1888
2549
2071
2405
2136
2297
2151
2536
2092
2128
2213
2295
2272
2181
1922
2362
1913
2144
