16592
6189
4542
2462
1778
1600
1843
1695
1618
1701
1711
1913
1747
2029
1667
1834
1977
1718
1749
1827
1956
1961
1737
1866
1883
1838
1795
4585
2159
1663
1591
1786
1857
1693
1689
1750
1881
1631
1643
1588
1839
1745
1629
1610
1598
1502
1510
1554
1513
1473
1685
2786
2327
2074
3488
2070
1822
1807
1934
1686
1605
2107
1803
1659
1558
1577
1573
1672
1571
1649
1611
1543
1623
1503
1585
1489
1542
1699
1663
1596
1735
1848
1765
1532
1616
1726
2183
1799
1761
1602
1567
1730
1601
1557
1700
1914
1921
1973
2142
1969
32369
3701
2942
2602
2212
1892
1769
1693
1745
2091
1710
1617
1789
1769
1699
1670
1600
1575
1549
1617
1981
2604
2119
1901
1827
1804
1889
1701
1611
1599
1720
2081
2064
2027
2016
1941
1856
1751
1969
1793
1633
1728
1757
1580
1656
1856
1768
1838
1890
1785
1619
1618
1870
1610
1619
1839
1815
1687
1663
1596
1567
1558
1537
1762
1584
1544
1546
1616
1547
1530
1528
1552
1518
1541
1518
1514
1605
1635
1609
1600
1560
1579
1530
1533
1523
1591
1554
1626
1623
1574
1566
1547
1541
1534
1534
1506
1527
1564
1704
1631
