57538245
2388514
1527061
956950
1046337
851524
884786
916054
984521
933797
927596
965347
892571
867925
882162
995312
961318
938626
842518
805809
874908
957672
909712
940129
933867
865581
886860
931834
900786
815457
760194
858367
813223
859179
798546
860811
812812
757420
743513
821638
744616
823031
1108001
789730
762289
771235
842738
815538
797725
780632
763630
867174
800119
794308
878104
864498
838660
785392
841245
813704
930792
1021190
905805
1285602
798957
698089
862905
756618
710092
690214
868306
842448
836867
750256
790411
763781
757519
799598
854229
866302
781344
916676
825296
796763
803054
959024
753302
765795
785201
772236
777106
799287
799548
844501
791293
789609
772257
778428
833241
846275
60393852
2236311
1437766
980143
921605
852897
872654
834843
948866
955207
919501
958112
854670
842097
883654
993779
999169
897289
854871
827910
868827
882973
945750
970265
941212
838730
829624
915383
865220
831968
803515
954516
1043742
854710
719759
829844
967761
842969
771876
785882
750466
919131
1069320
796552
801171
761377
773169
725881
794849
963914
916796
859760
757219
840013
870800
794278
799237
817602
901758
933527
931624
854811
853818
1397370
989050
738314
830445
885758
730329
718637
770774
845684
936252
758562
784760
752199
824303
922256
766216
701305
715441
1018546
839983
762218
758271
875148
852146
766927
746619
710101
651312
680196
699922
791193
749244
731050
723727
806049
784660
849080
7239681
1063088
725469
731240
762679
780843
742271
746289
759804
758561
743493
737753
732112
975235
728064
901107
753102
784580
796112
750717
746610
770313
704912
732493
756387
790551
837879
2322772
1122138
772507
716433
729407
684023
684354
669625
652183
693300
788447
772928
623109
652004
713097
690545
738033
731230
694843
713588
802713
773640
809967
792935
761467
740448
792795
756718
762118
778168
773680
743884
807954
801011
763481
759553
730940
680817
693550
677300
668283
675847
825637
813593
691998
779411
801501
746359
727213
743714
703309
695474
850302
808795
873485
852266
773830
766887
773499
759904
763661
757550
786353
770544
839892
775012
784640
836706
910284
745918
675527
683502
837118
